# JRE version: Java(TM) SE Runtime Environment (17.0.12+8) (build 17.0.12+8-LTS-286)
# Java VM: Java HotSpot(TM) 64-Bit Server VM (17.0.12+8-LTS-286, mixed mode, sharing, tiered, compressed oops, compressed class ptrs, g1 gc, windows-amd64)
GC Precious Log:
 CPUs: 8 total, 8 available
 Memory: 16227M
 Large Page Support: Disabled
 NUMA Support: Disabled
 Compressed Oops: Enabled (Zero based)
 Heap Region Size: 2M
 Heap Min Capacity: 8M
 Heap Initial Capacity: 254M
 Heap Max Capacity: 4058M
 Pre-touch: Disabled
 Parallel Workers: 8
 Concurrent Workers: 2
 Concurrent Refinement Workers: 8
 Periodic GC: Disabled
Heap:
 garbage-first heap   total 337920K, used 239342K [0x0000000702600000, 0x0000000800000000)
  region size 2048K, 24 young (49152K), 3 survivors (6144K)
 Metaspace       used 17561K, committed 17856K, reserved 1114112K
  class space    used 2187K, committed 2368K, reserved 1048576K
GC Heap History (20 events):
Event: 2.363 GC heap before
{Heap before GC invocations=1 (full 0):
 garbage-first heap   total 260096K, used 127615K [0x0000000702600000, 0x0000000800000000)
  region size 2048K, 15 young (30720K), 2 survivors (4096K)
 Metaspace       used 11342K, committed 11648K, reserved 1114112K
  class space    used 1453K, committed 1600K, reserved 1048576K
}
Event: 2.370 GC heap after
{Heap after GC invocations=2 (full 0):
 garbage-first heap   total 260096K, used 108428K [0x0000000702600000, 0x0000000800000000)
  region size 2048K, 3 young (6144K), 3 survivors (6144K)
 Metaspace       used 11342K, committed 11648K, reserved 1114112K
  class space    used 1453K, committed 1600K, reserved 1048576K
}
Event: 2.538 GC heap before
{Heap before GC invocations=2 (full 0):
 garbage-first heap   total 260096K, used 126860K [0x0000000702600000, 0x0000000800000000)
  region size 2048K, 4 young (8192K), 3 survivors (6144K)
 Metaspace       used 11354K, committed 11648K, reserved 1114112K
  class space    used 1453K, committed 1600K, reserved 1048576K
}
Event: 2.544 GC heap after
{Heap after GC invocations=3 (full 0):
 garbage-first heap   total 260096K, used 126976K [0x0000000702600000, 0x0000000800000000)
  region size 2048K, 2 young (4096K), 2 survivors (4096K)
 Metaspace       used 11354K, committed 11648K, reserved 1114112K
  class space    used 1453K, committed 1600K, reserved 1048576K
}
Event: 2.660 GC heap before
{Heap before GC invocations=4 (full 0):
 garbage-first heap   total 260096K, used 145408K [0x0000000702600000, 0x0000000800000000)
  region size 2048K, 3 young (6144K), 2 survivors (4096K)
 Metaspace       used 11392K, committed 11648K, reserved 1114112K
  class space    used 1459K, committed 1600K, reserved 1048576K
}
Event: 2.665 GC heap after
{Heap after GC invocations=5 (full 0):
 garbage-first heap   total 260096K, used 145500K [0x0000000702600000, 0x0000000800000000)
  region size 2048K, 3 young (6144K), 3 survivors (6144K)
 Metaspace       used 11392K, committed 11648K, reserved 1114112K
  class space    used 1459K, committed 1600K, reserved 1048576K
}
Event: 2.860 GC heap before
{Heap before GC invocations=6 (full 0):
 garbage-first heap   total 266240K, used 155740K [0x0000000702600000, 0x0000000800000000)
  region size 2048K, 4 young (8192K), 3 survivors (6144K)
 Metaspace       used 11485K, committed 11712K, reserved 1114112K
  class space    used 1463K, committed 1600K, reserved 1048576K
}
Event: 2.865 GC heap after
{Heap after GC invocations=7 (full 0):
 garbage-first heap   total 266240K, used 156606K [0x0000000702600000, 0x0000000800000000)
  region size 2048K, 3 young (6144K), 3 survivors (6144K)
 Metaspace       used 11485K, committed 11712K, reserved 1114112K
  class space    used 1463K, committed 1600K, reserved 1048576K
}
Event: 2.995 GC heap before
{Heap before GC invocations=8 (full 0):
 garbage-first heap   total 294912K, used 175038K [0x0000000702600000, 0x0000000800000000)
  region size 2048K, 4 young (8192K), 3 survivors (6144K)
 Metaspace       used 11498K, committed 11712K, reserved 1114112K
  class space    used 1463K, committed 1600K, reserved 1048576K
}
Event: 2.999 GC heap after
{Heap after GC invocations=9 (full 0):
 garbage-first heap   total 294912K, used 175001K [0x0000000702600000, 0x0000000800000000)
  region size 2048K, 1 young (2048K), 1 survivors (2048K)
 Metaspace       used 11498K, committed 11712K, reserved 1114112K
  class space    used 1463K, committed 1600K, reserved 1048576K
}
Event: 3.068 GC heap before
{Heap before GC invocations=10 (full 0):
 garbage-first heap   total 315392K, used 185241K [0x0000000702600000, 0x0000000800000000)
  region size 2048K, 2 young (4096K), 1 survivors (2048K)
 Metaspace       used 11508K, committed 11712K, reserved 1114112K
  class space    used 1463K, committed 1600K, reserved 1048576K
}
Event: 3.070 GC heap after
{Heap after GC invocations=11 (full 0):
 garbage-first heap   total 315392K, used 184961K [0x0000000702600000, 0x0000000800000000)
  region size 2048K, 1 young (2048K), 1 survivors (2048K)
 Metaspace       used 11508K, committed 11712K, reserved 1114112K
  class space    used 1463K, committed 1600K, reserved 1048576K
}
Event: 3.947 GC heap before
{Heap before GC invocations=12 (full 0):
 garbage-first heap   total 325632K, used 215681K [0x0000000702600000, 0x0000000800000000)
  region size 2048K, 14 young (28672K), 1 survivors (2048K)
 Metaspace       used 15704K, committed 15872K, reserved 1114112K
  class space    used 2081K, committed 2176K, reserved 1048576K
}
Event: 3.952 GC heap after
{Heap after GC invocations=13 (full 0):
 garbage-first heap   total 325632K, used 194496K [0x0000000702600000, 0x0000000800000000)
  region size 2048K, 3 young (6144K), 3 survivors (6144K)
 Metaspace       used 15704K, committed 15872K, reserved 1114112K
  class space    used 2081K, committed 2176K, reserved 1048576K
}
Event: 26.238 GC heap before
{Heap before GC invocations=14 (full 0):
 garbage-first heap   total 335872K, used 214976K [0x0000000702600000, 0x0000000800000000)
  region size 2048K, 13 young (26624K), 3 survivors (6144K)
 Metaspace       used 17177K, committed 17472K, reserved 1114112K
  class space    used 2184K, committed 2368K, reserved 1048576K
}
Event: 26.241 GC heap after
{Heap after GC invocations=15 (full 0):
 garbage-first heap   total 335872K, used 195528K [0x0000000702600000, 0x0000000800000000)
  region size 2048K, 3 young (6144K), 3 survivors (6144K)
 Metaspace       used 17177K, committed 17472K, reserved 1114112K
  class space    used 2184K, committed 2368K, reserved 1048576K
}
Event: 88.558 GC heap before
{Heap before GC invocations=16 (full 0):
 garbage-first heap   total 337920K, used 277448K [0x0000000702600000, 0x0000000800000000)
  region size 2048K, 42 young (86016K), 3 survivors (6144K)
 Metaspace       used 17503K, committed 17792K, reserved 1114112K
  class space    used 2184K, committed 2368K, reserved 1048576K
}
Event: 88.564 GC heap after
{Heap after GC invocations=17 (full 0):
 garbage-first heap   total 337920K, used 197759K [0x0000000702600000, 0x0000000800000000)
  region size 2048K, 3 young (6144K), 3 survivors (6144K)
 Metaspace       used 17503K, committed 17792K, reserved 1114112K
  class space    used 2184K, committed 2368K, reserved 1048576K
}
Event: 230.601 GC heap before
{Heap before GC invocations=17 (full 0):
 garbage-first heap   total 337920K, used 294015K [0x0000000702600000, 0x0000000800000000)
  region size 2048K, 50 young (102400K), 3 survivors (6144K)
 Metaspace       used 17513K, committed 17792K, reserved 1114112K
  class space    used 2184K, committed 2368K, reserved 1048576K
}
Event: 230.606 GC heap after
{Heap after GC invocations=18 (full 0):
 garbage-first heap   total 337920K, used 198382K [0x0000000702600000, 0x0000000800000000)
  region size 2048K, 3 young (6144K), 3 survivors (6144K)
 Metaspace       used 17513K, committed 17792K, reserved 1114112K
  class space    used 2184K, committed 2368K, reserved 1048576K
}

